2024-07-21 13:23:34.109 INFO: MACE version: 0.3.6
2024-07-21 13:23:34.109 INFO: Configuration: Namespace(config=None, name='mace_PracI_Sec3_200conf', seed=123, log_dir='MACE_models', model_dir='MACE_models', checkpoints_dir='MACE_models', results_dir='MACE_models', downloads_dir='downloads', device='cuda', default_dtype='float64', distributed=False, log_level='INFO', error_table='PerAtomRMSE', model='MACE', r_max=4.0, radial_type='bessel', num_radial_basis=8, num_cutoff_basis=5, pair_repulsion=False, distance_transform='None', interaction='RealAgnosticResidualInteractionBlock', interaction_first='RealAgnosticResidualInteractionBlock', max_ell=2, correlation=2, num_interactions=2, MLP_irreps='16x0e', radial_MLP='[64, 64, 64]', hidden_irreps='128x0e + 128x1o', num_channels=32, max_L=0, gate='silu', scaling='rms_forces_scaling', avg_num_neighbors=1, compute_avg_num_neighbors=True, compute_stress=False, compute_forces=True, train_file='data/solvent_xtb_train_200.xyz', valid_file=None, valid_fraction=0.1, test_file='data/solvent_xtb_test.xyz', test_dir=None, multi_processed_test=False, num_workers=0, pin_memory=True, atomic_numbers=None, mean=None, std=None, statistics_file=None, E0s='isolated', keep_isolated_atoms=False, energy_key='energy_xtb', forces_key='forces_xtb', virials_key='virials', stress_key='stress', dipole_key='dipole', charges_key='charges', loss='weighted', forces_weight=100.0, swa_forces_weight=100.0, energy_weight=1.0, swa_energy_weight=1000.0, virials_weight=1.0, swa_virials_weight=10.0, stress_weight=1.0, swa_stress_weight=10.0, dipole_weight=1.0, swa_dipole_weight=1.0, config_type_weights='{"Default":1.0}', huber_delta=0.01, optimizer='adam', beta=0.9, batch_size=10, valid_batch_size=10, lr=0.01, swa_lr=0.001, weight_decay=5e-07, amsgrad=True, scheduler='ReduceLROnPlateau', lr_factor=0.8, scheduler_patience=50, lr_scheduler_gamma=0.9993, swa=True, start_swa=None, ema=False, ema_decay=0.99, max_num_epochs=50, patience=2048, foundation_model=None, foundation_model_readout=True, eval_interval=2, keep_checkpoints=False, save_all_checkpoints=False, restart_latest=False, save_cpu=False, clip_grad=10.0, wandb=False, wandb_dir=None, wandb_project='', wandb_entity='', wandb_name='', wandb_log_hypers=['num_channels', 'max_L', 'correlation', 'lr', 'swa_lr', 'weight_decay', 'batch_size', 'max_num_epochs', 'start_swa', 'energy_weight', 'forces_weight'])
2024-07-21 13:23:34.146 INFO: CUDA version: 12.1, CUDA device: 0
2024-07-21 13:23:34.195 INFO: Current Git commit: 7d9893a8c7941dcac485cea06af5787764b291eb
2024-07-21 13:23:34.293 INFO: Since ASE version 3.23.0b1, using stress_key 'stress' is no longer safe when communicating between MACE and ASE. We recommend using a different key, rewriting energies to 'REF_stress'. You need to use --stress_key='REF_stress', to tell the key name chosen.
2024-07-21 13:23:34.294 INFO: Using isolated atom energies from training file
2024-07-21 13:23:34.302 INFO: Loaded 200 training configurations from 'data/solvent_xtb_train_200.xyz'
2024-07-21 13:23:34.303 INFO: Using random 10.0% of training set for validation
2024-07-21 13:23:34.650 INFO: Since ASE version 3.23.0b1, using stress_key 'stress' is no longer safe when communicating between MACE and ASE. We recommend using a different key, rewriting energies to 'REF_stress'. You need to use --stress_key='REF_stress', to tell the key name chosen.
2024-07-21 13:23:34.680 INFO: Loaded 1000 test configurations from 'data/solvent_xtb_test.xyz'
2024-07-21 13:23:34.681 INFO: Total number of configurations: train=180, valid=20, tests=[Default: 1000]
2024-07-21 13:23:34.682 INFO: AtomicNumberTable: (1, 6, 8)
2024-07-21 13:23:34.682 INFO: Atomic energies: [-10.707211383396714, -48.847445262804705, -102.57117256025786]
2024-07-21 13:23:34.873 INFO: WeightedEnergyForcesLoss(energy_weight=1.000, forces_weight=100.000)
2024-07-21 13:23:35.023 INFO: Average number of neighbors: 9.86205556634933
2024-07-21 13:23:35.024 INFO: Selected the following outputs: {'energy': True, 'forces': True, 'virials': False, 'stress': False, 'dipoles': False}
2024-07-21 13:23:35.085 INFO: Building model
2024-07-21 13:23:35.086 INFO: Hidden irreps: 32x0e
2024-07-21 13:23:36.025 INFO: Using stochastic weight averaging (after 36 epochs) with energy weight : 1000.0, forces weight : 100.0 and learning rate : 0.001
2024-07-21 13:23:36.104 INFO: ScaleShiftMACE(
  (node_embedding): LinearNodeEmbeddingBlock(
    (linear): Linear(3x0e -> 32x0e | 96 weights)
  )
  (radial_embedding): RadialEmbeddingBlock(
    (bessel_fn): BesselBasis(r_max=4.0, num_basis=8, trainable=False)
    (cutoff_fn): PolynomialCutoff(p=5.0, r_max=4.0)
  )
  (spherical_harmonics): SphericalHarmonics()
  (atomic_energies_fn): AtomicEnergiesBlock(energies=[-10.7072, -48.8474, -102.5712])
  (interactions): ModuleList(
    (0): RealAgnosticInteractionBlock(
      (linear_up): Linear(32x0e -> 32x0e | 1024 weights)
      (conv_tp): TensorProduct(32x0e x 1x0e+1x1o+1x2e -> 32x0e+32x1o+32x2e | 96 paths | 96 weights)
      (conv_tp_weights): FullyConnectedNet[8, 64, 64, 64, 96]
      (linear): Linear(32x0e+32x1o+32x2e -> 32x0e+32x1o+32x2e | 3072 weights)
      (skip_tp): FullyConnectedTensorProduct(32x0e+32x1o+32x2e x 3x0e -> 32x0e+32x1o+32x2e | 9216 paths | 9216 weights)
      (reshape): reshape_irreps()
    )
    (1): RealAgnosticResidualInteractionBlock(
      (linear_up): Linear(32x0e -> 32x0e | 1024 weights)
      (conv_tp): TensorProduct(32x0e x 1x0e+1x1o+1x2e -> 32x0e+32x1o+32x2e | 96 paths | 96 weights)
      (conv_tp_weights): FullyConnectedNet[8, 64, 64, 64, 96]
      (linear): Linear(32x0e+32x1o+32x2e -> 32x0e+32x1o+32x2e | 3072 weights)
      (skip_tp): FullyConnectedTensorProduct(32x0e x 3x0e -> 32x0e | 3072 paths | 3072 weights)
      (reshape): reshape_irreps()
    )
  )
  (products): ModuleList(
    (0-1): 2 x EquivariantProductBasisBlock(
      (symmetric_contractions): SymmetricContraction(
        (contractions): ModuleList(
          (0): Contraction(
            (contractions_weighting): ModuleList(
              (0): GraphModule()
            )
            (contractions_features): ModuleList(
              (0): GraphModule()
            )
            (weights): ParameterList(  (0): Parameter containing: [torch.float64 of size 3x1x32 (cuda:0)])
            (graph_opt_main): GraphModule()
          )
        )
      )
      (linear): Linear(32x0e -> 32x0e | 1024 weights)
    )
  )
  (readouts): ModuleList(
    (0): LinearReadoutBlock(
      (linear): Linear(32x0e -> 1x0e | 32 weights)
    )
    (1): NonLinearReadoutBlock(
      (linear_1): Linear(32x0e -> 16x0e | 512 weights)
      (non_linearity): Activation [x] (16x0e -> 16x0e)
      (linear_2): Linear(16x0e -> 1x0e | 16 weights)
    )
  )
  (scale_shift): ScaleShiftBlock(scale=2.177545, shift=0.000000)
)
2024-07-21 13:23:36.107 INFO: Number of parameters: 53648
2024-07-21 13:23:36.108 INFO: Optimizer: Adam (
Parameter Group 0
    amsgrad: True
    betas: (0.9, 0.999)
    capturable: False
    differentiable: False
    eps: 1e-08
    foreach: None
    fused: None
    initial_lr: 0.01
    lr: 0.01
    maximize: False
    name: embedding
    swa_lr: 0.001
    weight_decay: 0.0

Parameter Group 1
    amsgrad: True
    betas: (0.9, 0.999)
    capturable: False
    differentiable: False
    eps: 1e-08
    foreach: None
    fused: None
    initial_lr: 0.01
    lr: 0.01
    maximize: False
    name: interactions_decay
    swa_lr: 0.001
    weight_decay: 5e-07

Parameter Group 2
    amsgrad: True
    betas: (0.9, 0.999)
    capturable: False
    differentiable: False
    eps: 1e-08
    foreach: None
    fused: None
    initial_lr: 0.01
    lr: 0.01
    maximize: False
    name: interactions_no_decay
    swa_lr: 0.001
    weight_decay: 0.0

Parameter Group 3
    amsgrad: True
    betas: (0.9, 0.999)
    capturable: False
    differentiable: False
    eps: 1e-08
    foreach: None
    fused: None
    initial_lr: 0.01
    lr: 0.01
    maximize: False
    name: products
    swa_lr: 0.001
    weight_decay: 5e-07

Parameter Group 4
    amsgrad: True
    betas: (0.9, 0.999)
    capturable: False
    differentiable: False
    eps: 1e-08
    foreach: None
    fused: None
    initial_lr: 0.01
    lr: 0.01
    maximize: False
    name: readouts
    swa_lr: 0.001
    weight_decay: 0.0
)
2024-07-21 13:23:36.108 INFO: Using gradient clipping with tolerance=10.000
2024-07-21 13:23:36.108 INFO: Started training
2024-07-21 13:23:37.015 INFO: Epoch None: loss=71.3685, RMSE_E_per_atom=6269.3 meV, RMSE_F=2604.0 meV / A
2024-07-21 13:23:44.556 INFO: Epoch 0: loss=30.7212, RMSE_E_per_atom=5323.5 meV, RMSE_F=1678.3 meV / A
2024-07-21 13:23:47.170 INFO: Epoch 2: loss=8.4117, RMSE_E_per_atom=4865.6 meV, RMSE_F=779.0 meV / A
2024-07-21 13:23:49.108 INFO: Epoch 4: loss=4.8551, RMSE_E_per_atom=4090.0 meV, RMSE_F=564.8 meV / A
2024-07-21 13:23:51.162 INFO: Epoch 6: loss=2.6657, RMSE_E_per_atom=3270.8 meV, RMSE_F=400.3 meV / A
2024-07-21 13:23:53.104 INFO: Epoch 8: loss=1.8553, RMSE_E_per_atom=1755.6 meV, RMSE_F=394.8 meV / A
2024-07-21 13:23:55.171 INFO: Epoch 10: loss=1.6979, RMSE_E_per_atom=1053.0 meV, RMSE_F=399.6 meV / A
2024-07-21 13:23:57.173 INFO: Epoch 12: loss=1.8125, RMSE_E_per_atom=738.1 meV, RMSE_F=420.1 meV / A
2024-07-21 13:23:59.181 INFO: Epoch 14: loss=1.1165, RMSE_E_per_atom=509.1 meV, RMSE_F=330.6 meV / A
2024-07-21 13:24:01.449 INFO: Epoch 16: loss=1.1478, RMSE_E_per_atom=453.6 meV, RMSE_F=336.9 meV / A
2024-07-21 13:24:03.686 INFO: Epoch 18: loss=1.2613, RMSE_E_per_atom=428.0 meV, RMSE_F=352.7 meV / A
2024-07-21 13:24:05.846 INFO: Epoch 20: loss=0.8737, RMSE_E_per_atom=368.7 meV, RMSE_F=293.9 meV / A
2024-07-21 13:24:08.089 INFO: Epoch 22: loss=0.6991, RMSE_E_per_atom=229.1 meV, RMSE_F=263.8 meV / A
2024-07-21 13:24:10.354 INFO: Epoch 24: loss=0.7953, RMSE_E_per_atom=263.9 meV, RMSE_F=281.2 meV / A
2024-07-21 13:24:12.661 INFO: Epoch 26: loss=1.0733, RMSE_E_per_atom=128.0 meV, RMSE_F=327.9 meV / A
2024-07-21 13:24:14.871 INFO: Epoch 28: loss=0.6521, RMSE_E_per_atom=108.0 meV, RMSE_F=255.6 meV / A
2024-07-21 13:24:17.163 INFO: Epoch 30: loss=1.1236, RMSE_E_per_atom=235.9 meV, RMSE_F=334.6 meV / A
2024-07-21 13:24:19.553 INFO: Epoch 32: loss=0.9939, RMSE_E_per_atom=120.1 meV, RMSE_F=315.4 meV / A
2024-07-21 13:24:21.741 INFO: Epoch 34: loss=1.0558, RMSE_E_per_atom=164.3 meV, RMSE_F=324.4 meV / A
2024-07-21 13:24:22.784 INFO: Changing loss based on SWA
2024-07-21 13:24:23.886 INFO: Epoch 36: loss=0.5857, RMSE_E_per_atom=33.7 meV, RMSE_F=217.5 meV / A
2024-07-21 13:24:26.093 INFO: Epoch 38: loss=0.4957, RMSE_E_per_atom=16.0 meV, RMSE_F=217.0 meV / A
2024-07-21 13:24:28.287 INFO: Epoch 40: loss=0.4907, RMSE_E_per_atom=20.4 meV, RMSE_F=212.1 meV / A
2024-07-21 13:24:30.619 INFO: Epoch 42: loss=0.4832, RMSE_E_per_atom=18.7 meV, RMSE_F=211.9 meV / A
2024-07-21 13:24:32.853 INFO: Epoch 44: loss=0.4917, RMSE_E_per_atom=17.6 meV, RMSE_F=214.9 meV / A
2024-07-21 13:24:35.151 INFO: Epoch 46: loss=0.5147, RMSE_E_per_atom=30.0 meV, RMSE_F=206.3 meV / A
2024-07-21 13:24:37.321 INFO: Epoch 48: loss=0.4910, RMSE_E_per_atom=26.1 meV, RMSE_F=205.9 meV / A
2024-07-21 13:24:38.382 INFO: Training complete
2024-07-21 13:24:38.382 INFO: Computing metrics for training, validation, and test sets
2024-07-21 13:24:39.294 INFO: Loading checkpoint: MACE_models/mace_PracI_Sec3_200conf_run-123_epoch-28.pt
2024-07-21 13:24:39.325 INFO: Loaded model from epoch 28
2024-07-21 13:24:39.325 INFO: Evaluating train ...
2024-07-21 13:24:39.970 INFO: Evaluating valid ...
2024-07-21 13:24:40.021 INFO: Evaluating Default ...
2024-07-21 13:24:43.178 INFO: 
+-------------+---------------------+------------------+-------------------+
| config_type | RMSE E / meV / atom | RMSE F / meV / A | relative F RMSE % |
+-------------+---------------------+------------------+-------------------+
|    train    |        140.0        |      245.3       |       11.26       |
|    valid    |        108.0        |      255.6       |        9.88       |
|   Default   |        135.5        |      269.4       |       11.76       |
+-------------+---------------------+------------------+-------------------+
2024-07-21 13:24:43.178 INFO: Saving model to MACE_models/mace_PracI_Sec3_200conf_run-123.model
2024-07-21 13:24:43.242 INFO: Compiling model, saving metadata to MACE_models/mace_PracI_Sec3_200conf_compiled.model
2024-07-21 13:24:43.992 INFO: Loading checkpoint: MACE_models/mace_PracI_Sec3_200conf_run-123_epoch-42_swa.pt
2024-07-21 13:24:44.024 INFO: Loaded model from epoch 42
2024-07-21 13:24:44.025 INFO: Evaluating train ...
2024-07-21 13:24:44.582 INFO: Evaluating valid ...
2024-07-21 13:24:44.635 INFO: Evaluating Default ...
2024-07-21 13:24:47.762 INFO: 
+-------------+---------------------+------------------+-------------------+
| config_type | RMSE E / meV / atom | RMSE F / meV / A | relative F RMSE % |
+-------------+---------------------+------------------+-------------------+
|    train    |         23.6        |      182.9       |        8.40       |
|    valid    |         18.7        |      211.9       |        8.19       |
|   Default   |         24.7        |      212.7       |        9.29       |
+-------------+---------------------+------------------+-------------------+
2024-07-21 13:24:47.763 INFO: Saving model to MACE_models/mace_PracI_Sec3_200conf_run-123_swa.model
2024-07-21 13:24:47.827 INFO: Compiling model, saving metadata MACE_models/mace_PracI_Sec3_200conf_swa_compiled.model
2024-07-21 13:24:48.484 INFO: Done
